All 23 batches (0-22) are done.

ALL_BATCHES_COMPLETE

The complete T-SQL recursive descent parser has been implemented across all 23 batches:

| Batch | Name | File | Status |
|-------|------|------|--------|
| 0 | infrastructure | parser.go | done |
| 1 | names | name.go | done |
| 2 | types | type.go | done |
| 3 | expressions | expr.go | done |
| 4 | select | select.go | done |
| 5 | insert | insert.go | done |
| 6 | update_delete | update_delete.go | done |
| 7 | merge | merge.go | done |
| 8 | create_table | create_table.go | done |
| 9 | alter_table | alter_table.go | done |
| 10 | create_index | create_index.go | done |
| 11 | create_view | create_view.go | done |
| 12 | create_proc | create_proc.go | done |
| 13 | create_database | create_database.go | done |
| 14 | drop | drop.go | done |
| 15 | control_flow | control_flow.go | done |
| 16 | declare_set | declare_set.go | done |
| 17 | transaction | transaction.go | done |
| 18 | execute | execute.go | done |
| 19 | grant | grant.go | done |
| 20 | utility | utility.go | done |
| 21 | go_batch | go_batch.go | done |
| 22 | stmt_dispatch | parser.go | done |
